Determining if the pthread_create exist failed with the following output:
Change Dir: /home/anita/corbslam/collab_orb_slam2/build/CMakeFiles/CMakeTmp

Run Build Command:"/usr/bin/make" "cmTC_46979/fast"
/usr/bin/make -f CMakeFiles/cmTC_46979.dir/build.make CMakeFiles/cmTC_46979.dir/build
make[1]: Entering directory '/home/anita/corbslam/collab_orb_slam2/build/CMakeFiles/CMakeTmp'
Building C object CMakeFiles/cmTC_46979.dir/CheckSymbolExists.c.o
/usr/bin/cc   -Wall  -O3 -march=native     -o CMakeFiles/cmTC_46979.dir/CheckSymbolExists.c.o   -c /home/anita/corbslam/collab_orb_slam2/build/CMakeFiles/CMakeTmp/CheckSymbolExists.c
Linking C executable cmTC_46979
/usr/bin/cmake -E cmake_link_script CMakeFiles/cmTC_46979.dir/link.txt --verbose=1
/usr/bin/cc   -Wall  -O3 -march=native      -rdynamic CMakeFiles/cmTC_46979.dir/CheckSymbolExists.c.o  -o cmTC_46979 
CMakeFiles/cmTC_46979.dir/CheckSymbolExists.c.o: In function `main':
CheckSymbolExists.c:(.text.startup+0x3): undefined reference to `pthread_create'
collect2: error: ld returned 1 exit status
CMakeFiles/cmTC_46979.dir/build.make:97: recipe for target 'cmTC_46979' failed
make[1]: *** [cmTC_46979] Error 1
make[1]: Leaving directory '/home/anita/corbslam/collab_orb_slam2/build/CMakeFiles/CMakeTmp'
Makefile:126: recipe for target 'cmTC_46979/fast' failed
make: *** [cmTC_46979/fast] Error 2

File /home/anita/corbslam/collab_orb_slam2/build/CMakeFiles/CMakeTmp/CheckSymbolExists.c:
/* */
#include <pthread.h>

int main(int argc, char** argv)
{
  (void)argv;
#ifndef pthread_create
  return ((int*)(&pthread_create))[argc];
#else
  (void)argc;
  return 0;
#endif
}

Determining if the function pthread_create exists in the pthreads failed with the following output:
Change Dir: /home/anita/corbslam/collab_orb_slam2/build/CMakeFiles/CMakeTmp

Run Build Command:"/usr/bin/make" "cmTC_b8bce/fast"
/usr/bin/make -f CMakeFiles/cmTC_b8bce.dir/build.make CMakeFiles/cmTC_b8bce.dir/build
make[1]: Entering directory '/home/anita/corbslam/collab_orb_slam2/build/CMakeFiles/CMakeTmp'
Building C object CMakeFiles/cmTC_b8bce.dir/CheckFunctionExists.c.o
/usr/bin/cc   -Wall  -O3 -march=native  -DCHECK_FUNCTION_EXISTS=pthread_create   -o CMakeFiles/cmTC_b8bce.dir/CheckFunctionExists.c.o   -c /usr/share/cmake-3.10/Modules/CheckFunctionExists.c
Linking C executable cmTC_b8bce
/usr/bin/cmake -E cmake_link_script CMakeFiles/cmTC_b8bce.dir/link.txt --verbose=1
/usr/bin/cc   -Wall  -O3 -march=native  -DCHECK_FUNCTION_EXISTS=pthread_create    -rdynamic CMakeFiles/cmTC_b8bce.dir/CheckFunctionExists.c.o  -o cmTC_b8bce -lpthreads 
/usr/bin/ld: cannot find -lpthreads
collect2: error: ld returned 1 exit status
CMakeFiles/cmTC_b8bce.dir/build.make:97: recipe for target 'cmTC_b8bce' failed
make[1]: *** [cmTC_b8bce] Error 1
make[1]: Leaving directory '/home/anita/corbslam/collab_orb_slam2/build/CMakeFiles/CMakeTmp'
Makefile:126: recipe for target 'cmTC_b8bce/fast' failed
make: *** [cmTC_b8bce/fast] Error 2


