Determining if the pthread_create exist failed with the following output:
Change Dir: /home/anita/collab/collab_orb_slam2/src/CMakeFiles/CMakeTmp

Run Build Command:"/usr/bin/make" "cmTC_a0f52/fast"
/usr/bin/make -f CMakeFiles/cmTC_a0f52.dir/build.make CMakeFiles/cmTC_a0f52.dir/build
make[1]: Entering directory '/home/anita/collab/collab_orb_slam2/src/CMakeFiles/CMakeTmp'
Building C object CMakeFiles/cmTC_a0f52.dir/CheckSymbolExists.c.o
/usr/bin/cc   -Wall  -O3 -march=native     -o CMakeFiles/cmTC_a0f52.dir/CheckSymbolExists.c.o   -c /home/anita/collab/collab_orb_slam2/src/CMakeFiles/CMakeTmp/CheckSymbolExists.c
Linking C executable cmTC_a0f52
/usr/bin/cmake -E cmake_link_script CMakeFiles/cmTC_a0f52.dir/link.txt --verbose=1
/usr/bin/cc   -Wall  -O3 -march=native      -rdynamic CMakeFiles/cmTC_a0f52.dir/CheckSymbolExists.c.o  -o cmTC_a0f52 
CMakeFiles/cmTC_a0f52.dir/CheckSymbolExists.c.o: In function `main':
CheckSymbolExists.c:(.text.startup+0x3): undefined reference to `pthread_create'
collect2: error: ld returned 1 exit status
CMakeFiles/cmTC_a0f52.dir/build.make:97: recipe for target 'cmTC_a0f52' failed
make[1]: *** [cmTC_a0f52] Error 1
make[1]: Leaving directory '/home/anita/collab/collab_orb_slam2/src/CMakeFiles/CMakeTmp'
Makefile:126: recipe for target 'cmTC_a0f52/fast' failed
make: *** [cmTC_a0f52/fast] Error 2

File /home/anita/collab/collab_orb_slam2/src/CMakeFiles/CMakeTmp/CheckSymbolExists.c:
/* */
#include <pthread.h>

int main(int argc, char** argv)
{
  (void)argv;
#ifndef pthread_create
  return ((int*)(&pthread_create))[argc];
#else
  (void)argc;
  return 0;
#endif
}

Determining if the function pthread_create exists in the pthreads failed with the following output:
Change Dir: /home/anita/collab/collab_orb_slam2/src/CMakeFiles/CMakeTmp

Run Build Command:"/usr/bin/make" "cmTC_d685c/fast"
/usr/bin/make -f CMakeFiles/cmTC_d685c.dir/build.make CMakeFiles/cmTC_d685c.dir/build
make[1]: Entering directory '/home/anita/collab/collab_orb_slam2/src/CMakeFiles/CMakeTmp'
Building C object CMakeFiles/cmTC_d685c.dir/CheckFunctionExists.c.o
/usr/bin/cc   -Wall  -O3 -march=native  -DCHECK_FUNCTION_EXISTS=pthread_create   -o CMakeFiles/cmTC_d685c.dir/CheckFunctionExists.c.o   -c /usr/share/cmake-3.10/Modules/CheckFunctionExists.c
Linking C executable cmTC_d685c
/usr/bin/cmake -E cmake_link_script CMakeFiles/cmTC_d685c.dir/link.txt --verbose=1
/usr/bin/cc   -Wall  -O3 -march=native  -DCHECK_FUNCTION_EXISTS=pthread_create    -rdynamic CMakeFiles/cmTC_d685c.dir/CheckFunctionExists.c.o  -o cmTC_d685c -lpthreads 
/usr/bin/ld: cannot find -lpthreads
collect2: error: ld returned 1 exit status
CMakeFiles/cmTC_d685c.dir/build.make:97: recipe for target 'cmTC_d685c' failed
make[1]: *** [cmTC_d685c] Error 1
make[1]: Leaving directory '/home/anita/collab/collab_orb_slam2/src/CMakeFiles/CMakeTmp'
Makefile:126: recipe for target 'cmTC_d685c/fast' failed
make: *** [cmTC_d685c/fast] Error 2


